<?xml version="1.0" encoding="UTF-8"?>
<testng-results skipped="0" failed="0" total="1" passed="1">
  <reporter-output>
  </reporter-output>
  <suite name="Default suite" duration-ms="13629" started-at="2019-10-25T08:36:25Z" finished-at="2019-10-25T08:36:39Z">
    <groups>
    </groups>
    <test name="Default test" duration-ms="13629" started-at="2019-10-25T08:36:25Z" finished-at="2019-10-25T08:36:39Z">
      <class name="com.qa.tests.GoogleTest">
        <test-method status="PASS" signature="google()[pri:0, instance:com.qa.tests.GoogleTest@7907ec20]" name="google" duration-ms="13612" started-at="2019-10-25T14:06:25Z" finished-at="2019-10-25T14:06:39Z">
          <reporter-output>
          </reporter-output>
        </test-method> <!-- google -->
      </class> <!-- com.qa.tests.GoogleTest -->
    </test> <!-- Default test -->
  </suite> <!-- Default suite -->
</testng-results>
